2024-08-13 00:33:49 error: Error: 사용자 조회 실패
    at D:\Devcourse\licruit\Licruit-backend\dist\services\users.service.js:42:15
    at Generator.throw (<anonymous>)
    at rejected (D:\Devcourse\licruit\Licruit-backend\dist\services\users.service.js:6:65)
    at process.processTicksAndRejections (node:internal/process/task_queues:95:5)
2024-08-13 00:33:50 info: POST /users/login 500 165.106 ms - 50

2024-08-13 00:36:03 error: Error: 사용자 조회 실패
    at D:\Devcourse\licruit\Licruit-backend\dist\services\users.service.js:43:15
    at Generator.throw (<anonymous>)
    at rejected (D:\Devcourse\licruit\Licruit-backend\dist\services\users.service.js:6:65)
    at process.processTicksAndRejections (node:internal/process/task_queues:95:5)
2024-08-13 00:36:03 info: POST /users/login 500 214.960 ms - 50

2024-08-13 00:37:06 error: Error: 아이디 또는 비밀번호가 잘못되었습니다.
    at D:\Devcourse\licruit\Licruit-backend\dist\controllers\users.controller.js:66:15
    at Generator.next (<anonymous>)
    at fulfilled (D:\Devcourse\licruit\Licruit-backend\dist\controllers\users.controller.js:5:58)
    at process.processTicksAndRejections (node:internal/process/task_queues:95:5)
2024-08-13 00:37:06 info: POST /users/login 401 85.644 ms - 82

2024-08-13 00:37:42 info: POST /users/register 201 205.899 ms - -

2024-08-13 00:37:50 error: Error: 아이디 또는 비밀번호가 잘못되었습니다.
    at D:\Devcourse\licruit\Licruit-backend\dist\controllers\users.controller.js:66:15
    at Generator.next (<anonymous>)
    at fulfilled (D:\Devcourse\licruit\Licruit-backend\dist\controllers\users.controller.js:5:58)
    at process.processTicksAndRejections (node:internal/process/task_queues:95:5)
2024-08-13 00:37:50 info: POST /users/login 401 53.823 ms - 82

2024-08-13 00:37:57 info: POST /users/login 200 151.681 ms - 490

2024-08-13 00:41:58 info: DELETE /users/withdrawal 200 316.999 ms - -

2024-08-13 00:43:58 error: Error: 아이디 또는 비밀번호가 잘못되었습니다.
    at D:\Devcourse\licruit\Licruit-backend\dist\controllers\users.controller.js:66:15
    at Generator.next (<anonymous>)
    at fulfilled (D:\Devcourse\licruit\Licruit-backend\dist\controllers\users.controller.js:5:58)
    at process.processTicksAndRejections (node:internal/process/task_queues:95:5)
2024-08-13 00:43:58 info: POST /users/login 401 107.725 ms - 82

2024-08-13 00:44:06 error: Error: 아이디 또는 비밀번호가 잘못되었습니다.
    at D:\Devcourse\licruit\Licruit-backend\dist\controllers\users.controller.js:66:15
    at Generator.next (<anonymous>)
    at fulfilled (D:\Devcourse\licruit\Licruit-backend\dist\controllers\users.controller.js:5:58)
    at process.processTicksAndRejections (node:internal/process/task_queues:95:5)
2024-08-13 00:44:06 info: POST /users/login 401 33.362 ms - 82

2024-08-13 00:44:24 info: POST /users/register 201 160.313 ms - -

2024-08-13 00:44:34 info: POST /users/login 200 108.511 ms - 490

2024-08-13 00:45:50 info: DELETE /users/withdrawal 200 277.170 ms - -

